# JRE version: Java(TM) SE Runtime Environment (19.0.1+10) (build 19.0.1+10-21)
# Java VM: Java HotSpot(TM) 64-Bit Server VM (19.0.1+10-21, mixed mode, sharing, tiered, compressed oops, compressed class ptrs, g1 gc, windows-amd64)
GC Precious Log:
 CardTable entry size: 512
 Card Set container configuration: InlinePtr #cards 5 size 8 Array Of Cards #cards 12 size 40 Howl #buckets 4 coarsen threshold 1843 Howl Bitmap #cards 512 size 80 coarsen threshold 460 Card regions per heap region 1 cards per card region 2048
 CPUs: 4 total, 4 available
 Memory: 7839M
 Large Page Support: Disabled
 NUMA Support: Disabled
 Compressed Oops: Enabled (32-bit)
 Heap Region Size: 1M
 Heap Min Capacity: 8M
 Heap Initial Capacity: 124M
 Heap Max Capacity: 1960M
 Pre-touch: Disabled
 Parallel Workers: 4
 Concurrent Workers: 1
 Concurrent Refinement Workers: 4
 Periodic GC: Disabled
Heap:
 garbage-first heap   total 137216K, used 63765K [0x0000000085800000, 0x0000000100000000)
  region size 1024K, 3 young (3072K), 3 survivors (3072K)
 Metaspace       used 39489K, committed 40128K, reserved 1114112K
  class space    used 4173K, committed 4480K, reserved 1048576K
GC Heap History (20 events):
Event: 56.910 GC heap after
{Heap after GC invocations=19 (full 0):
 garbage-first heap   total 137216K, used 49531K [0x0000000085800000, 0x0000000100000000)
  region size 1024K, 1 young (1024K), 1 survivors (1024K)
 Metaspace       used 35393K, committed 35904K, reserved 1114112K
  class space    used 3801K, committed 4032K, reserved 1048576K
}
Event: 58.866 GC heap before
{Heap before GC invocations=20 (full 0):
 garbage-first heap   total 137216K, used 103803K [0x0000000085800000, 0x0000000100000000)
  region size 1024K, 54 young (55296K), 1 survivors (1024K)
 Metaspace       used 35929K, committed 36480K, reserved 1114112K
  class space    used 3831K, committed 4096K, reserved 1048576K
}
Event: 58.873 GC heap after
{Heap after GC invocations=21 (full 0):
 garbage-first heap   total 137216K, used 51004K [0x0000000085800000, 0x0000000100000000)
  region size 1024K, 3 young (3072K), 3 survivors (3072K)
 Metaspace       used 35929K, committed 36480K, reserved 1114112K
  class space    used 3831K, committed 4096K, reserved 1048576K
}
Event: 58.991 GC heap before
{Heap before GC invocations=21 (full 0):
 garbage-first heap   total 137216K, used 54076K [0x0000000085800000, 0x0000000100000000)
  region size 1024K, 6 young (6144K), 3 survivors (3072K)
 Metaspace       used 35930K, committed 36480K, reserved 1114112K
  class space    used 3831K, committed 4096K, reserved 1048576K
}
Event: 58.998 GC heap after
{Heap after GC invocations=22 (full 0):
 garbage-first heap   total 137216K, used 50598K [0x0000000085800000, 0x0000000100000000)
  region size 1024K, 1 young (1024K), 1 survivors (1024K)
 Metaspace       used 35930K, committed 36480K, reserved 1114112K
  class space    used 3831K, committed 4096K, reserved 1048576K
}
Event: 61.518 GC heap before
{Heap before GC invocations=22 (full 0):
 garbage-first heap   total 137216K, used 92582K [0x0000000085800000, 0x0000000100000000)
  region size 1024K, 44 young (45056K), 1 survivors (1024K)
 Metaspace       used 37552K, committed 38144K, reserved 1114112K
  class space    used 4022K, committed 4288K, reserved 1048576K
}
Event: 61.527 GC heap after
{Heap after GC invocations=23 (full 0):
 garbage-first heap   total 137216K, used 51727K [0x0000000085800000, 0x0000000100000000)
  region size 1024K, 2 young (2048K), 2 survivors (2048K)
 Metaspace       used 37552K, committed 38144K, reserved 1114112K
  class space    used 4022K, committed 4288K, reserved 1048576K
}
Event: 66.122 GC heap before
{Heap before GC invocations=24 (full 0):
 garbage-first heap   total 137216K, used 111119K [0x0000000085800000, 0x0000000100000000)
  region size 1024K, 57 young (58368K), 2 survivors (2048K)
 Metaspace       used 38127K, committed 38720K, reserved 1114112K
  class space    used 4074K, committed 4352K, reserved 1048576K
}
Event: 66.141 GC heap after
{Heap after GC invocations=25 (full 0):
 garbage-first heap   total 137216K, used 72915K [0x0000000085800000, 0x0000000100000000)
  region size 1024K, 8 young (8192K), 8 survivors (8192K)
 Metaspace       used 38127K, committed 38720K, reserved 1114112K
  class space    used 4074K, committed 4352K, reserved 1048576K
}
Event: 66.166 GC heap before
{Heap before GC invocations=25 (full 0):
 garbage-first heap   total 137216K, used 73939K [0x0000000085800000, 0x0000000100000000)
  region size 1024K, 9 young (9216K), 8 survivors (8192K)
 Metaspace       used 38127K, committed 38720K, reserved 1114112K
  class space    used 4074K, committed 4352K, reserved 1048576K
}
Event: 66.175 GC heap after
{Heap after GC invocations=26 (full 0):
 garbage-first heap   total 137216K, used 73830K [0x0000000085800000, 0x0000000100000000)
  region size 1024K, 1 young (1024K), 1 survivors (1024K)
 Metaspace       used 38127K, committed 38720K, reserved 1114112K
  class space    used 4074K, committed 4352K, reserved 1048576K
}
Event: 67.807 GC heap before
{Heap before GC invocations=26 (full 0):
 garbage-first heap   total 137216K, used 103526K [0x0000000085800000, 0x0000000100000000)
  region size 1024K, 30 young (30720K), 1 survivors (1024K)
 Metaspace       used 38565K, committed 39104K, reserved 1114112K
  class space    used 4107K, committed 4352K, reserved 1048576K
}
Event: 67.816 GC heap after
{Heap after GC invocations=27 (full 0):
 garbage-first heap   total 137216K, used 80253K [0x0000000085800000, 0x0000000100000000)
  region size 1024K, 4 young (4096K), 4 survivors (4096K)
 Metaspace       used 38565K, committed 39104K, reserved 1114112K
  class space    used 4107K, committed 4352K, reserved 1048576K
}
Event: 69.476 GC heap before
{Heap before GC invocations=28 (full 0):
 garbage-first heap   total 137216K, used 101757K [0x0000000085800000, 0x0000000100000000)
  region size 1024K, 29 young (29696K), 4 survivors (4096K)
 Metaspace       used 37803K, committed 38400K, reserved 1114112K
  class space    used 4035K, committed 4352K, reserved 1048576K
}
Event: 69.482 GC heap after
{Heap after GC invocations=29 (full 0):
 garbage-first heap   total 137216K, used 78057K [0x0000000085800000, 0x0000000100000000)
  region size 1024K, 1 young (1024K), 1 survivors (1024K)
 Metaspace       used 37803K, committed 38400K, reserved 1114112K
  class space    used 4035K, committed 4352K, reserved 1048576K
}
Event: 69.612 GC heap before
{Heap before GC invocations=29 (full 0):
 garbage-first heap   total 137216K, used 83177K [0x0000000085800000, 0x0000000100000000)
  region size 1024K, 6 young (6144K), 1 survivors (1024K)
 Metaspace       used 37893K, committed 38464K, reserved 1114112K
  class space    used 4044K, committed 4352K, reserved 1048576K
}
Event: 69.618 GC heap after
{Heap after GC invocations=30 (full 0):
 garbage-first heap   total 137216K, used 65069K [0x0000000085800000, 0x0000000100000000)
  region size 1024K, 1 young (1024K), 1 survivors (1024K)
 Metaspace       used 37893K, committed 38464K, reserved 1114112K
  class space    used 4044K, committed 4352K, reserved 1048576K
}
Event: 69.724 GC heap before
{Heap before GC invocations=30 (full 0):
 garbage-first heap   total 137216K, used 70189K [0x0000000085800000, 0x0000000100000000)
  region size 1024K, 6 young (6144K), 1 survivors (1024K)
 Metaspace       used 37942K, committed 38528K, reserved 1114112K
  class space    used 4045K, committed 4352K, reserved 1048576K
}
Event: 69.730 GC heap after
{Heap after GC invocations=31 (full 0):
 garbage-first heap   total 137216K, used 62196K [0x0000000085800000, 0x0000000100000000)
  region size 1024K, 1 young (1024K), 1 survivors (1024K)
 Metaspace       used 37942K, committed 38528K, reserved 1114112K
  class space    used 4045K, committed 4352K, reserved 1048576K
}
Event: 71.382 GC heap before
{Heap before GC invocations=31 (full 0):
 garbage-first heap   total 137216K, used 98036K [0x0000000085800000, 0x0000000100000000)
  region size 1024K, 37 young (37888K), 1 survivors (1024K)
 Metaspace       used 39489K, committed 40128K, reserved 1114112K
  class space    used 4173K, committed 4480K, reserved 1048576K
}

